
ROM used:   9104/44032 (21%)
            44032/44032 (100%) including unused fragments

            2.6 Average locations per line
            8.0 Average locations per statement

RAM used:   479/8192 (6%) at main() level
            611/8192 (7%) worst case

Stack used: 86 worst case (32 in main + 54 for interrupts)
Stack size: 128

Lines Stmts  %   Files
----- ----- ---  -----
  357   230  20  main.c
   84     0   0  main.h
  858     0   0  C:\Program Files (x86)\PICC\devices\24HJ64GP206.h
   58     0   0  uart.h
  102    47   4  Led.c
   29    16   1  PLL.c
   34     0   0  PLL.h
  106    42   4  AZP.c
   42     0   0  AZP.h
  132     0   0  ADC.h
  131    78   7  pwmUap.c
   77     0   0  pwmUap.h
   95     0   0  CalibrAdcPwm.h
   81     0   0  motor.h
   95    39   3  RS485.c
   25     0   0  RS485.h
  335   190  17  DMA_RS.c
   18     3   0  CRC.c
  404   290  26  calibrAdcPwm.c
   95     0   0  calibrAdcPwm.h
  368   194  17  motor.c
   12     4   0  ioPin.c
    9     0   0  ioPin.h
----- -----
 3547  1133 Total

Page ROM  %  RAM    Vol Diff  Functions:
---- --- --- ---    --- ----  ----------
0     14   0    0             @GETCH_BIU_1
0     32   0    0    110  2.1  initLed
0     34   0    2    188  4.7  runVD
0     92   1    0    475  2.8  timer5_isr
0     34   0    0    351  1.8  init_PLL
0     10   0    0     42  1.7  clearAdcDmaBuf
0     42   0    0    138  3.0  initAdcDma
0     36   0    0     12  0.8  DMA2Interrupts
0     26   0    0    174  2.7  readDmaAdc
0     76   0    0    842  1.4  initADC
0    158   1    0   1177  3.4  initPWM
0    112   1    2    478  7.0  rotate
0    160   1    1    668  3.8  onOffPWMCanal
0     42   0    9    161  2.2  setPwm3456
0      6   0    2     25  1.6  setPwm3
0      6   0    2     25  1.6  setPwm4
0      6   0    2     25  1.6  setPwm5
0      6   0    2     25  1.6  setPwm6
0     10   0    1     37  1.7  setRk
0     42   0    0    178  2.3  updateRk
0      4   0    0     17  0.8  initRS
0     64   0    3    127  3.4  interruptRS
0     20   0    0    110  2.1  pause3_5RS
0     40   0    0     74  1.6  __timer4_isr__
0     26   0    1    104  2.5  sendRS
0     20   0    0     92  2.9  clearDmaBuf
0     24   0    0     98  2.1  initDma
0     26   0    2    104  2.6  sendInRsDma
0     38   0    0     33  1.3  DMAInterrupts
0     32   0    0      3  0.0  DmaErrorInterrupt
0    168   1   16   1172  4.2  ansComLimitAdc
0    112   1   10    691  4.1  ansComSetPwmRk
0     50   0    3    218  3.7  ansComSetPwm3
0     50   0    3    218  3.7  ansComSetPwm4
0     50   0    3    218  3.7  ansComSetPwm5
0     50   0    3    218  3.7  ansComSetPwm6
0     40   0    2    145  2.8  ansComSetRk
0     96   1    8    561  4.1  ansComReadCurAdc
0     32   0    1     96  2.1  ansComOnOffPwm
0     68   0    6    344  4.0  ansComSetSpeedPwm
0    176   1   18   1249  4.3  ansComSetSpeedAllPwm
0    248   1    2   1447  3.4  ansComReadSpeed
0     24   0    0     56  1.9  ansComRunCalibr
0     56   0    4    248  3.1  ansComReadError
0     52   0    5    179  3.1  ansReadCrc
0    110   1    0    447  2.4  ansComInfo
0     56   0    0    181  2.3  ansComId
0     30   0    2    112  2.8  ansComRst
0     22   0    1     76  2.4  ansErrorCom
0     32   0    1    106  2.5  ansErrorComCanal
0     40   0    8    244  3.5  getChecksum
0     46   0    0             @READ_PROGRAM_MEMORY
0     60   0    0    564  2.9  initAvtomat
0      8   0    0     50  1.5  resetCountZikl
0     40   0    0    195  2.3  stopTimer7
0     18   0    0     90  2.1  startTimer7
0     66   0    0    486  3.3  startAvtomatCalibr
0     10   0    0     32  1.6  updateState
0    120   1    2   1360  6.8  testPWM
0    252   1    0   1286  6.8  timer7_isr
0      4   0    0     18  1.0  setDebugRS
0    210   1    0    786  3.9  sendDataCalibr
0      4   0    0     18  1.0  setEnableSendData
0     18   0    0     67  1.8  readData1Adc
0     18   0    0     67  1.8  readData2Adc
0    228   1    9    936  5.7  waitStop
0    106   1    0    547  3.4  sravnData
0     96   1    1    297  2.8  setRotatePwm
0     92   1   13    282  4.5  getFullMasCalibr
0    222   1   15    875  5.1  initMotor
0     54   0    7    168  4.4  updateError
0     16   0    3     59  3.1  getError
0     30   0    6     71  3.2  setOrError
0     32   0    6     81  3.6  setAndError
0    166   1   11    594  5.9  setLimitAdcMotor
0     74   0    2             @SITOF
0     80   0    9    247  4.1  setMinSpeed
0    138   1   11    242  4.6  setK
0    104   1    8             @FLT
0    202   1    8             @DIVFF
0     48   0    7    218  5.0  setMaxSpeed
0     42   0   13    175  5.2  difSost
0    216   1   22    804  8.2  intSost
0     44   0    4             @SFTOI
0    196   1    8             @MULFF
0     44   0   14    156  4.9  proSost
0    848   5   22   5917 10.5  setRotate
0     16   0    5     35  2.4  getMinSpeed
0     16   0    5     35  2.4  getMaxSpeed
0     18   0    1     86  2.8  getStateOutError
0    330   2    0    533  3.8  MAIN
0   1458   8   63  12087  9.5  obmenRS
 Inline         0             @cinit1

Program metrics:
    Functions               85
    Statements              1133
    Comments                559
    Volume (V)              78397
    Difficulty (D)          293.0
    Effort to implement (E) 22969544
    Time to implement (T)   354 hours, 28 minutes
    Est Delivered Bugs (B)  27
    Cyclomatic Complexity   141
    Maintainability (MI)    56

 Segment     Used  Free
-----------  ----  ----
00000-00002     4  0  
00004-001FE   508  0  
00200-0ABFC  8590  34928  
0ABFE-0ABFE     2  0  



